This file contains any messages produced by compilers while
running configure, to aid debugging if configure makes a mistake.

It was created by FreeType configure 2.8, which was
generated by GNU Autoconf 2.69.  Invocation command line was

  $ ./configure --prefix=/Users/lzj/Desktop/FFmepg/freetype-iOS/lib --host=aarch64-apple-darwin --enable-static --disable-shared

## --------- ##
## Platform. ##
## --------- ##

hostname = lzj-3.local
uname -m = x86_64
uname -r = 18.2.0
uname -s = Darwin
uname -v = Darwin Kernel Version 18.2.0: Thu Dec 20 20:46:53 PST 2018; root:xnu-4903.241.1~1/RELEASE_X86_64

/usr/bin/uname -p = i386
/bin/uname -X     = unknown

/bin/arch              = unknown
/usr/bin/arch -k       = unknown
/usr/convex/getsysinfo = unknown
/usr/bin/hostinfo      = Mach kernel version:
	 Darwin Kernel Version 18.2.0: Thu Dec 20 20:46:53 PST 2018; root:xnu-4903.241.1~1/RELEASE_X86_64
Kernel configured for up to 8 processors.
4 processors are physically available.
8 processors are logically available.
Processor type: x86_64h (Intel x86-64h Haswell)
Processors active: 0 1 2 3 4 5 6 7
Primary memory available: 16.00 gigabytes
Default processor set: 435 tasks, 1713 threads, 8 processors
Load average: 3.42, Mach factor: 4.56
/bin/machine           = unknown
/usr/bin/oslevel       = unknown
/bin/universe          = unknown

PATH: /Users/lzj/Library/Android/sdk/tools
PATH: /Users/lzj/Library/Android/sdk/platform-tools
PATH: /Users/lzj/Library/Android/sdk
PATH: /Users/lzj/Library/Android/sdk/ndk-bundle
PATH: /Users/lzj/Downloads/cocos2d-x-3.17/templates
PATH: /Users/lzj/Downloads
PATH: /Users/lzj/Downloads/cocos2d-x-3.17/tools/cocos2d-console/bin
PATH: /usr/local/bin
PATH: /usr/bin
PATH: /bin
PATH: /usr/sbin
PATH: /sbin
PATH: /usr/local/share/dotnet
PATH: /Library/Frameworks/Mono.framework/Versions/Current/Commands
PATH: /Applications/Wireshark.app/Contents/MacOS
PATH: /Applications/Xamarin Workbooks.app/Contents/SharedSupport/path-bin


## ----------- ##
## Core tests. ##
## ----------- ##

configure:2539: checking build system type
configure:2553: result: x86_64-apple-darwin18.2.0
configure:2573: checking host system type
configure:2586: result: aarch64-apple-darwin
configure:2618: checking for aarch64-apple-darwin-gcc
configure:2645: result: /Applications/Xcode.app/Contents/Developer/Toolchains/XcodeDefault.xctoolchain/usr/bin/clang
configure:2914: checking for C compiler version
configure:2923: /Applications/Xcode.app/Contents/Developer/Toolchains/XcodeDefault.xctoolchain/usr/bin/clang --version >&5
Apple LLVM version 10.0.0 (clang-1000.11.45.5)
Target: x86_64-apple-darwin18.2.0
Thread model: posix
InstalledDir: /Applications/Xcode.app/Contents/Developer/Toolchains/XcodeDefault.xctoolchain/usr/bin
configure:2934: $? = 0
configure:2923: /Applications/Xcode.app/Contents/Developer/Toolchains/XcodeDefault.xctoolchain/usr/bin/clang -v >&5
Apple LLVM version 10.0.0 (clang-1000.11.45.5)
Target: x86_64-apple-darwin18.2.0
Thread model: posix
InstalledDir: /Applications/Xcode.app/Contents/Developer/Toolchains/XcodeDefault.xctoolchain/usr/bin
configure:2934: $? = 0
configure:2923: /Applications/Xcode.app/Contents/Developer/Toolchains/XcodeDefault.xctoolchain/usr/bin/clang -V >&5
clang: error: argument to '-V' is missing (expected 1 value)
clang: error: no input files
configure:2934: $? = 1
configure:2923: /Applications/Xcode.app/Contents/Developer/Toolchains/XcodeDefault.xctoolchain/usr/bin/clang -qversion >&5
clang: error: unknown argument: '-qversion'
clang: error: no input files
configure:2934: $? = 1
configure:2954: checking whether the C compiler works
configure:2976: /Applications/Xcode.app/Contents/Developer/Toolchains/XcodeDefault.xctoolchain/usr/bin/clang -arch x86_64 -pipe  -Wno-trigraphs -fpascal-strings -O2 -Wreturn-type -Wunused-variable -fmessage-length=0 -fvisibility=hidden -miphoneos-version-min=8.0 -isysroot /Applications/Xcode.app/Contents/Developer/Platforms/iPhoneSimulator.platform/Developer/SDKs/iPhoneSimulator.sdk  -arch x86_64 -isysroot /Applications/Xcode.app/Contents/Developer/Platforms/iPhoneSimulator.platform/Developer/SDKs/iPhoneSimulator.sdk -miphoneos-version-min=8.0 conftest.c  >&5
configure:2980: $? = 0
configure:3028: result: yes
configure:3031: checking for C compiler default output file name
configure:3033: result: a.out
configure:3039: checking for suffix of executables
configure:3046: /Applications/Xcode.app/Contents/Developer/Toolchains/XcodeDefault.xctoolchain/usr/bin/clang -o conftest -arch x86_64 -pipe  -Wno-trigraphs -fpascal-strings -O2 -Wreturn-type -Wunused-variable -fmessage-length=0 -fvisibility=hidden -miphoneos-version-min=8.0 -isysroot /Applications/Xcode.app/Contents/Developer/Platforms/iPhoneSimulator.platform/Developer/SDKs/iPhoneSimulator.sdk  -arch x86_64 -isysroot /Applications/Xcode.app/Contents/Developer/Platforms/iPhoneSimulator.platform/Developer/SDKs/iPhoneSimulator.sdk -miphoneos-version-min=8.0 conftest.c  >&5
configure:3050: $? = 0
configure:3072: result: 
configure:3094: checking whether we are cross compiling
configure:3102: /Applications/Xcode.app/Contents/Developer/Toolchains/XcodeDefault.xctoolchain/usr/bin/clang -o conftest -arch x86_64 -pipe  -Wno-trigraphs -fpascal-strings -O2 -Wreturn-type -Wunused-variable -fmessage-length=0 -fvisibility=hidden -miphoneos-version-min=8.0 -isysroot /Applications/Xcode.app/Contents/Developer/Platforms/iPhoneSimulator.platform/Developer/SDKs/iPhoneSimulator.sdk  -arch x86_64 -isysroot /Applications/Xcode.app/Contents/Developer/Platforms/iPhoneSimulator.platform/Developer/SDKs/iPhoneSimulator.sdk -miphoneos-version-min=8.0 conftest.c  >&5
configure:3106: $? = 0
configure:3113: ./conftest
dyld: mach-o, but built for simulator (not macOS)
./configure: line 3115: 79874 Abort trap: 6           ./conftest$ac_cv_exeext
configure:3117: $? = 134
configure:3132: result: yes
configure:3137: checking for suffix of object files
configure:3159: /Applications/Xcode.app/Contents/Developer/Toolchains/XcodeDefault.xctoolchain/usr/bin/clang -c -arch x86_64 -pipe  -Wno-trigraphs -fpascal-strings -O2 -Wreturn-type -Wunused-variable -fmessage-length=0 -fvisibility=hidden -miphoneos-version-min=8.0 -isysroot /Applications/Xcode.app/Contents/Developer/Platforms/iPhoneSimulator.platform/Developer/SDKs/iPhoneSimulator.sdk  conftest.c >&5
configure:3163: $? = 0
configure:3184: result: o
configure:3188: checking whether we are using the GNU C compiler
configure:3207: /Applications/Xcode.app/Contents/Developer/Toolchains/XcodeDefault.xctoolchain/usr/bin/clang -c -arch x86_64 -pipe  -Wno-trigraphs -fpascal-strings -O2 -Wreturn-type -Wunused-variable -fmessage-length=0 -fvisibility=hidden -miphoneos-version-min=8.0 -isysroot /Applications/Xcode.app/Contents/Developer/Platforms/iPhoneSimulator.platform/Developer/SDKs/iPhoneSimulator.sdk  conftest.c >&5
configure:3207: $? = 0
configure:3216: result: yes
configure:3225: checking whether /Applications/Xcode.app/Contents/Developer/Toolchains/XcodeDefault.xctoolchain/usr/bin/clang accepts -g
configure:3245: /Applications/Xcode.app/Contents/Developer/Toolchains/XcodeDefault.xctoolchain/usr/bin/clang -c -g  conftest.c >&5
configure:3245: $? = 0
configure:3286: result: yes
configure:3303: checking for /Applications/Xcode.app/Contents/Developer/Toolchains/XcodeDefault.xctoolchain/usr/bin/clang option to accept ISO C89
configure:3366: /Applications/Xcode.app/Contents/Developer/Toolchains/XcodeDefault.xctoolchain/usr/bin/clang  -c -arch x86_64 -pipe  -Wno-trigraphs -fpascal-strings -O2 -Wreturn-type -Wunused-variable -fmessage-length=0 -fvisibility=hidden -miphoneos-version-min=8.0 -isysroot /Applications/Xcode.app/Contents/Developer/Platforms/iPhoneSimulator.platform/Developer/SDKs/iPhoneSimulator.sdk  conftest.c >&5
configure:3366: $? = 0
configure:3379: result: none needed
configure:3404: checking how to run the C preprocessor
configure:3435: /Applications/Xcode.app/Contents/Developer/Toolchains/XcodeDefault.xctoolchain/usr/bin/clang -E  conftest.c
configure:3435: $? = 0
configure:3449: /Applications/Xcode.app/Contents/Developer/Toolchains/XcodeDefault.xctoolchain/usr/bin/clang -E  conftest.c
conftest.c:9:10: fatal error: 'ac_nonexistent.h' file not found
#include <ac_nonexistent.h>
         ^~~~~~~~~~~~~~~~~~
1 error generated.
configure:3449: $? = 1
configure: failed program was:
| /* confdefs.h */
| #define PACKAGE_NAME "FreeType"
| #define PACKAGE_TARNAME "freetype"
| #define PACKAGE_VERSION "2.8"
| #define PACKAGE_STRING "FreeType 2.8"
| #define PACKAGE_BUGREPORT "freetype@nongnu.org"
| #define PACKAGE_URL ""
| /* end confdefs.h.  */
| #include <ac_nonexistent.h>
configure:3474: result: /Applications/Xcode.app/Contents/Developer/Toolchains/XcodeDefault.xctoolchain/usr/bin/clang -E
configure:3494: /Applications/Xcode.app/Contents/Developer/Toolchains/XcodeDefault.xctoolchain/usr/bin/clang -E  conftest.c
configure:3494: $? = 0
configure:3508: /Applications/Xcode.app/Contents/Developer/Toolchains/XcodeDefault.xctoolchain/usr/bin/clang -E  conftest.c
conftest.c:9:10: fatal error: 'ac_nonexistent.h' file not found
#include <ac_nonexistent.h>
         ^~~~~~~~~~~~~~~~~~
1 error generated.
configure:3508: $? = 1
configure: failed program was:
| /* confdefs.h */
| #define PACKAGE_NAME "FreeType"
| #define PACKAGE_TARNAME "freetype"
| #define PACKAGE_VERSION "2.8"
| #define PACKAGE_STRING "FreeType 2.8"
| #define PACKAGE_BUGREPORT "freetype@nongnu.org"
| #define PACKAGE_URL ""
| /* end confdefs.h.  */
| #include <ac_nonexistent.h>
configure:3549: checking for aarch64-apple-darwin-pkg-config
configure:3582: result: no
configure:3592: checking for pkg-config
configure:3610: found /usr/local/bin/pkg-config
configure:3622: result: /usr/local/bin/pkg-config
configure:3634: WARNING: using cross tools not prefixed with host triplet
configure:3647: checking pkg-config is at least version 0.24
configure:3650: result: yes
configure:3705: checking how to print strings
configure:3732: result: printf
configure:3753: checking for a sed that does not truncate output
configure:3817: result: /usr/bin/sed
configure:3835: checking for grep that handles long lines and -e
configure:3893: result: /usr/bin/grep
configure:3898: checking for egrep
configure:3960: result: /usr/bin/grep -E
configure:3965: checking for fgrep
configure:4027: result: /usr/bin/grep -F
configure:4062: checking for ld used by /Applications/Xcode.app/Contents/Developer/Toolchains/XcodeDefault.xctoolchain/usr/bin/clang
configure:4129: result: /Applications/Xcode.app/Contents/Developer/Toolchains/XcodeDefault.xctoolchain/usr/bin/ld
configure:4136: checking if the linker (/Applications/Xcode.app/Contents/Developer/Toolchains/XcodeDefault.xctoolchain/usr/bin/ld) is GNU ld
configure:4151: result: no
configure:4163: checking for BSD- or MS-compatible name lister (nm)
configure:4217: result: no
configure:4231: checking for aarch64-apple-darwin-dumpbin
configure:4261: result: no
configure:4231: checking for aarch64-apple-darwin-link
configure:4261: result: no
configure:4275: checking for dumpbin
configure:4305: result: no
configure:4275: checking for link
configure:4291: found /bin/link
configure:4302: result: link -dump
configure:4347: checking the name lister (nm) interface
configure:4354: /Applications/Xcode.app/Contents/Developer/Toolchains/XcodeDefault.xctoolchain/usr/bin/clang -c -arch x86_64 -pipe  -Wno-trigraphs -fpascal-strings -O2 -Wreturn-type -Wunused-variable -fmessage-length=0 -fvisibility=hidden -miphoneos-version-min=8.0 -isysroot /Applications/Xcode.app/Contents/Developer/Platforms/iPhoneSimulator.platform/Developer/SDKs/iPhoneSimulator.sdk  conftest.c >&5
configure:4357: nm "conftest.o"
configure:4360: output
0000000000000000 S _some_variable
configure:4367: result: BSD nm
configure:4370: checking whether ln -s works
configure:4374: result: yes
configure:4382: checking the maximum length of command line arguments
configure:4513: result: 196608
configure:4561: checking how to convert x86_64-apple-darwin18.2.0 file names to aarch64-apple-darwin format
configure:4601: result: func_convert_file_noop
configure:4608: checking how to convert x86_64-apple-darwin18.2.0 file names to toolchain format
configure:4628: result: func_convert_file_noop
configure:4635: checking for /Applications/Xcode.app/Contents/Developer/Toolchains/XcodeDefault.xctoolchain/usr/bin/ld option to reload object files
configure:4642: result: -r
configure:4676: checking for aarch64-apple-darwin-objdump
configure:4706: result: no
configure:4716: checking for objdump
configure:4732: found /usr/bin/objdump
configure:4743: result: objdump
configure:4772: checking how to recognize dependent libraries
configure:4972: result: pass_all
configure:5017: checking for aarch64-apple-darwin-dlltool
configure:5047: result: no
configure:5057: checking for dlltool
configure:5087: result: no
configure:5114: checking how to associate runtime and link libraries
configure:5141: result: printf %s\n
configure:5158: checking for aarch64-apple-darwin-ar
configure:5185: result: /Applications/Xcode.app/Contents/Developer/Toolchains/XcodeDefault.xctoolchain/usr/bin/ar
configure:5266: checking for archiver @FILE support
configure:5283: /Applications/Xcode.app/Contents/Developer/Toolchains/XcodeDefault.xctoolchain/usr/bin/clang -c -arch x86_64 -pipe  -Wno-trigraphs -fpascal-strings -O2 -Wreturn-type -Wunused-variable -fmessage-length=0 -fvisibility=hidden -miphoneos-version-min=8.0 -isysroot /Applications/Xcode.app/Contents/Developer/Platforms/iPhoneSimulator.platform/Developer/SDKs/iPhoneSimulator.sdk  conftest.c >&5
configure:5283: $? = 0
configure:5286: /Applications/Xcode.app/Contents/Developer/Toolchains/XcodeDefault.xctoolchain/usr/bin/ar cru libconftest.a @conftest.lst >&5
ar: @conftest.lst: No such file or directory
configure:5289: $? = 1
configure:5309: result: no
configure:5327: checking for aarch64-apple-darwin-strip
configure:5357: result: no
configure:5367: checking for strip
configure:5383: found /usr/bin/strip
configure:5394: result: strip
configure:5426: checking for aarch64-apple-darwin-ranlib
configure:5456: result: no
configure:5466: checking for ranlib
configure:5482: found /usr/bin/ranlib
configure:5493: result: ranlib
configure:5570: checking for gawk
configure:5600: result: no
configure:5570: checking for mawk
configure:5600: result: no
configure:5570: checking for nawk
configure:5600: result: no
configure:5570: checking for awk
configure:5586: found /usr/bin/awk
configure:5597: result: awk
configure:5637: checking command to parse nm output from /Applications/Xcode.app/Contents/Developer/Toolchains/XcodeDefault.xctoolchain/usr/bin/clang object
configure:5790: /Applications/Xcode.app/Contents/Developer/Toolchains/XcodeDefault.xctoolchain/usr/bin/clang -c -arch x86_64 -pipe  -Wno-trigraphs -fpascal-strings -O2 -Wreturn-type -Wunused-variable -fmessage-length=0 -fvisibility=hidden -miphoneos-version-min=8.0 -isysroot /Applications/Xcode.app/Contents/Developer/Platforms/iPhoneSimulator.platform/Developer/SDKs/iPhoneSimulator.sdk  conftest.c >&5
configure:5793: $? = 0
configure:5797: nm conftest.o \| sed -n -e 's/^.*[ ]\([BCDEGRST][BCDEGRST]*\)[ ][ ]*\([_A-Za-z][_A-Za-z0-9]*\)$/\1 \2 \2/p' | sed '/ __gnu_lto/d' \> conftest.nm
configure:5800: $? = 0
cannot find nm_test_var in conftest.nm
configure:5790: /Applications/Xcode.app/Contents/Developer/Toolchains/XcodeDefault.xctoolchain/usr/bin/clang -c -arch x86_64 -pipe  -Wno-trigraphs -fpascal-strings -O2 -Wreturn-type -Wunused-variable -fmessage-length=0 -fvisibility=hidden -miphoneos-version-min=8.0 -isysroot /Applications/Xcode.app/Contents/Developer/Platforms/iPhoneSimulator.platform/Developer/SDKs/iPhoneSimulator.sdk  conftest.c >&5
configure:5793: $? = 0
configure:5797: nm conftest.o \| sed -n -e 's/^.*[ ]\([BCDEGRST][BCDEGRST]*\)[ ][ ]*_\([_A-Za-z][_A-Za-z0-9]*\)$/\1 _\2 \2/p' | sed '/ __gnu_lto/d' \> conftest.nm
configure:5800: $? = 0
configure:5866: /Applications/Xcode.app/Contents/Developer/Toolchains/XcodeDefault.xctoolchain/usr/bin/clang -o conftest -arch x86_64 -pipe  -Wno-trigraphs -fpascal-strings -O2 -Wreturn-type -Wunused-variable -fmessage-length=0 -fvisibility=hidden -miphoneos-version-min=8.0 -isysroot /Applications/Xcode.app/Contents/Developer/Platforms/iPhoneSimulator.platform/Developer/SDKs/iPhoneSimulator.sdk  -arch x86_64 -isysroot /Applications/Xcode.app/Contents/Developer/Platforms/iPhoneSimulator.platform/Developer/SDKs/iPhoneSimulator.sdk -miphoneos-version-min=8.0 conftest.c conftstm.o >&5
configure:5869: $? = 0
configure:5907: result: ok
configure:5954: checking for sysroot
configure:5984: result: no
configure:5991: checking for a working dd
configure:6029: result: /bin/dd
configure:6033: checking how to truncate binary pipes
configure:6048: result: /bin/dd bs=4096 count=1
configure:6337: checking for aarch64-apple-darwin-mt
configure:6367: result: no
configure:6377: checking for mt
configure:6407: result: no
configure:6427: checking if : is a manifest tool
configure:6433: : '-?'
configure:6441: result: no
configure:6457: checking for aarch64-apple-darwin-dsymutil
configure:6487: result: no
configure:6497: checking for dsymutil
configure:6513: found /usr/bin/dsymutil
configure:6524: result: dsymutil
configure:6549: checking for aarch64-apple-darwin-nmedit
configure:6579: result: no
configure:6589: checking for nmedit
configure:6605: found /usr/bin/nmedit
configure:6616: result: nmedit
configure:6641: checking for aarch64-apple-darwin-lipo
configure:6671: result: no
configure:6681: checking for lipo
configure:6697: found /usr/bin/lipo
configure:6708: result: lipo
configure:6733: checking for aarch64-apple-darwin-otool
configure:6763: result: no
configure:6773: checking for otool
configure:6789: found /usr/bin/otool
configure:6800: result: otool
configure:6825: checking for aarch64-apple-darwin-otool64
configure:6855: result: no
configure:6865: checking for otool64
configure:6895: result: no
configure:6940: checking for -single_module linker flag
/Applications/Xcode.app/Contents/Developer/Toolchains/XcodeDefault.xctoolchain/usr/bin/clang -arch x86_64 -pipe  -Wno-trigraphs -fpascal-strings -O2 -Wreturn-type -Wunused-variable -fmessage-length=0 -fvisibility=hidden -miphoneos-version-min=8.0 -isysroot /Applications/Xcode.app/Contents/Developer/Platforms/iPhoneSimulator.platform/Developer/SDKs/iPhoneSimulator.sdk -arch x86_64 -isysroot /Applications/Xcode.app/Contents/Developer/Platforms/iPhoneSimulator.platform/Developer/SDKs/iPhoneSimulator.sdk -miphoneos-version-min=8.0 -o libconftest.dylib -dynamiclib -Wl,-single_module conftest.c
configure:6973: result: yes
configure:6976: checking for -exported_symbols_list linker flag

## ---------------- ##
## Cache variables. ##
## ---------------- ##

ac_cv_build=x86_64-apple-darwin18.2.0
ac_cv_c_compiler_gnu=yes
ac_cv_env_BZIP2_CFLAGS_set=
ac_cv_env_BZIP2_CFLAGS_value=
ac_cv_env_BZIP2_LIBS_set=
ac_cv_env_BZIP2_LIBS_value=
ac_cv_env_CC_set=set
ac_cv_env_CC_value=/Applications/Xcode.app/Contents/Developer/Toolchains/XcodeDefault.xctoolchain/usr/bin/clang
ac_cv_env_CFLAGS_set=set
ac_cv_env_CFLAGS_value='-arch x86_64 -pipe  -Wno-trigraphs -fpascal-strings -O2 -Wreturn-type -Wunused-variable -fmessage-length=0 -fvisibility=hidden -miphoneos-version-min=8.0 -isysroot /Applications/Xcode.app/Contents/Developer/Platforms/iPhoneSimulator.platform/Developer/SDKs/iPhoneSimulator.sdk'
ac_cv_env_CPPFLAGS_set=
ac_cv_env_CPPFLAGS_value=
ac_cv_env_CPP_set=
ac_cv_env_CPP_value=
ac_cv_env_HARFBUZZ_CFLAGS_set=
ac_cv_env_HARFBUZZ_CFLAGS_value=
ac_cv_env_HARFBUZZ_LIBS_set=
ac_cv_env_HARFBUZZ_LIBS_value=
ac_cv_env_LDFLAGS_set=set
ac_cv_env_LDFLAGS_value='-arch x86_64 -isysroot /Applications/Xcode.app/Contents/Developer/Platforms/iPhoneSimulator.platform/Developer/SDKs/iPhoneSimulator.sdk -miphoneos-version-min=8.0'
ac_cv_env_LIBPNG_CFLAGS_set=
ac_cv_env_LIBPNG_CFLAGS_value=
ac_cv_env_LIBPNG_LIBS_set=
ac_cv_env_LIBPNG_LIBS_value=
ac_cv_env_LIBS_set=
ac_cv_env_LIBS_value=
ac_cv_env_LT_SYS_LIBRARY_PATH_set=
ac_cv_env_LT_SYS_LIBRARY_PATH_value=
ac_cv_env_PKG_CONFIG_LIBDIR_set=
ac_cv_env_PKG_CONFIG_LIBDIR_value=
ac_cv_env_PKG_CONFIG_PATH_set=
ac_cv_env_PKG_CONFIG_PATH_value=
ac_cv_env_PKG_CONFIG_set=
ac_cv_env_PKG_CONFIG_value=
ac_cv_env_ZLIB_CFLAGS_set=
ac_cv_env_ZLIB_CFLAGS_value=
ac_cv_env_ZLIB_LIBS_set=
ac_cv_env_ZLIB_LIBS_value=
ac_cv_env_build_alias_set=
ac_cv_env_build_alias_value=
ac_cv_env_host_alias_set=set
ac_cv_env_host_alias_value=aarch64-apple-darwin
ac_cv_env_target_alias_set=
ac_cv_env_target_alias_value=
ac_cv_host=aarch64-apple-darwin
ac_cv_objext=o
ac_cv_path_EGREP='/usr/bin/grep -E'
ac_cv_path_FGREP='/usr/bin/grep -F'
ac_cv_path_GREP=/usr/bin/grep
ac_cv_path_SED=/usr/bin/sed
ac_cv_path_ac_pt_PKG_CONFIG=/usr/local/bin/pkg-config
ac_cv_path_lt_DD=/bin/dd
ac_cv_prog_AR=/Applications/Xcode.app/Contents/Developer/Toolchains/XcodeDefault.xctoolchain/usr/bin/ar
ac_cv_prog_AWK=awk
ac_cv_prog_CC=/Applications/Xcode.app/Contents/Developer/Toolchains/XcodeDefault.xctoolchain/usr/bin/clang
ac_cv_prog_CPP='/Applications/Xcode.app/Contents/Developer/Toolchains/XcodeDefault.xctoolchain/usr/bin/clang -E'
ac_cv_prog_ac_ct_DSYMUTIL=dsymutil
ac_cv_prog_ac_ct_DUMPBIN='link -dump'
ac_cv_prog_ac_ct_LIPO=lipo
ac_cv_prog_ac_ct_NMEDIT=nmedit
ac_cv_prog_ac_ct_OBJDUMP=objdump
ac_cv_prog_ac_ct_OTOOL=otool
ac_cv_prog_ac_ct_RANLIB=ranlib
ac_cv_prog_ac_ct_STRIP=strip
ac_cv_prog_cc_c89=
ac_cv_prog_cc_g=yes
lt_cv_apple_cc_single_mod=yes
lt_cv_ar_at_file=no
lt_cv_deplibs_check_method=pass_all
lt_cv_file_magic_cmd='$MAGIC_CMD'
lt_cv_file_magic_test_file=
lt_cv_ld_exported_symbols_list=no
lt_cv_ld_reload_flag=-r
lt_cv_nm_interface='BSD nm'
lt_cv_path_LD=/Applications/Xcode.app/Contents/Developer/Toolchains/XcodeDefault.xctoolchain/usr/bin/ld
lt_cv_path_NM=no
lt_cv_path_mainfest_tool=no
lt_cv_prog_gnu_ld=no
lt_cv_sharedlib_from_linklib_cmd='printf %s\n'
lt_cv_sys_global_symbol_pipe='sed -n -e '\''s/^.*[	 ]\([BCDEGRST][BCDEGRST]*\)[	 ][	 ]*_\([_A-Za-z][_A-Za-z0-9]*\)$/\1 _\2 \2/p'\'' | sed '\''/ __gnu_lto/d'\'''
lt_cv_sys_global_symbol_to_c_name_address='sed -n -e '\''s/^: \(.*\) .*$/  {"\1", (void *) 0},/p'\'' -e '\''s/^[BCDEGRST][BCDEGRST]* .* \(.*\)$/  {"\1", (void *) \&\1},/p'\'''
lt_cv_sys_global_symbol_to_c_name_address_lib_prefix='sed -n -e '\''s/^: \(.*\) .*$/  {"\1", (void *) 0},/p'\'' -e '\''s/^[BCDEGRST][BCDEGRST]* .* \(lib.*\)$/  {"\1", (void *) \&\1},/p'\'' -e '\''s/^[BCDEGRST][BCDEGRST]* .* \(.*\)$/  {"lib\1", (void *) \&\1},/p'\'''
lt_cv_sys_global_symbol_to_cdecl='sed -n -e '\''s/^T .* \(.*\)$/extern int \1();/p'\'' -e '\''s/^[BCDEGRST][BCDEGRST]* .* \(.*\)$/extern char \1;/p'\'''
lt_cv_sys_global_symbol_to_import=
lt_cv_sys_max_cmd_len=196608
lt_cv_to_host_file_cmd=func_convert_file_noop
lt_cv_to_tool_file_cmd=func_convert_file_noop
lt_cv_truncate_bin='/bin/dd bs=4096 count=1'

## ----------------- ##
## Output variables. ##
## ----------------- ##

AR='/Applications/Xcode.app/Contents/Developer/Toolchains/XcodeDefault.xctoolchain/usr/bin/ar'
AS=''
AWK='awk'
BZIP2_CFLAGS=''
BZIP2_LIBS=''
CC='/Applications/Xcode.app/Contents/Developer/Toolchains/XcodeDefault.xctoolchain/usr/bin/clang'
CC_BUILD=''
CFLAGS='-arch x86_64 -pipe  -Wno-trigraphs -fpascal-strings -O2 -Wreturn-type -Wunused-variable -fmessage-length=0 -fvisibility=hidden -miphoneos-version-min=8.0 -isysroot /Applications/Xcode.app/Contents/Developer/Platforms/iPhoneSimulator.platform/Developer/SDKs/iPhoneSimulator.sdk'
CPP='/Applications/Xcode.app/Contents/Developer/Toolchains/XcodeDefault.xctoolchain/usr/bin/clang -E'
CPPFLAGS=''
DEFS=''
DLLTOOL='false'
DSYMUTIL='dsymutil'
DUMPBIN=':'
ECHO_C='\c'
ECHO_N=''
ECHO_T=''
EGREP='/usr/bin/grep -E'
EXEEXT=''
EXEEXT_BUILD=''
FGREP='/usr/bin/grep -F'
FTSYS_SRC=''
GREP='/usr/bin/grep'
HARFBUZZ_CFLAGS=''
HARFBUZZ_LIBS=''
INSTALL_DATA=''
INSTALL_PROGRAM=''
INSTALL_SCRIPT=''
LD='/Applications/Xcode.app/Contents/Developer/Toolchains/XcodeDefault.xctoolchain/usr/bin/ld'
LDFLAGS='-arch x86_64 -isysroot /Applications/Xcode.app/Contents/Developer/Platforms/iPhoneSimulator.platform/Developer/SDKs/iPhoneSimulator.sdk -miphoneos-version-min=8.0 -Wl,-exported_symbols_list,conftest.sym'
LIBOBJS=''
LIBPNG_CFLAGS=''
LIBPNG_LIBS=''
LIBS=''
LIBSSTATIC_CONFIG=''
LIBS_PRIVATE=''
LIBTOOL=''
LIPO='lipo'
LN_S='ln -s'
LTLIBOBJS=''
LT_SYS_LIBRARY_PATH=''
MANIFEST_TOOL=':'
MKDIR_P=''
NM='nm'
NMEDIT='nmedit'
OBJDUMP='objdump'
OBJEXT='o'
OTOOL64=':'
OTOOL='otool'
PACKAGE_BUGREPORT='freetype@nongnu.org'
PACKAGE_NAME='FreeType'
PACKAGE_STRING='FreeType 2.8'
PACKAGE_TARNAME='freetype'
PACKAGE_URL=''
PACKAGE_VERSION='2.8'
PATH_SEPARATOR=':'
PKG_CONFIG='/usr/local/bin/pkg-config'
PKG_CONFIG_LIBDIR=''
PKG_CONFIG_PATH=''
RANLIB='ranlib'
REQUIRES_PRIVATE=''
SED='/usr/bin/sed'
SHELL='/bin/sh'
STRIP='strip'
XX_ANSIFLAGS=''
XX_CFLAGS=''
ZLIB_CFLAGS=''
ZLIB_LIBS=''
ac_ct_AR=''
ac_ct_CC=''
ac_ct_DUMPBIN='link -dump'
bindir='${exec_prefix}/bin'
build='x86_64-apple-darwin18.2.0'
build_alias=''
build_cpu='x86_64'
build_libtool_libs=''
build_os='darwin18.2.0'
build_vendor='apple'
datadir='${datarootdir}'
datarootdir='${prefix}/share'
docdir='${datarootdir}/doc/${PACKAGE_TARNAME}'
dvidir='${docdir}'
exec_prefix='NONE'
ft_version='20.0.14'
ftmac_c=''
hardcode_libdir_flag_spec=''
host='aarch64-apple-darwin'
host_alias='aarch64-apple-darwin'
host_cpu='aarch64'
host_os='darwin'
host_vendor='apple'
htmldir='${docdir}'
includedir='${prefix}/include'
infodir='${datarootdir}/info'
libdir='${exec_prefix}/lib'
libexecdir='${exec_prefix}/libexec'
localedir='${datarootdir}/locale'
localstatedir='${prefix}/var'
mandir='${datarootdir}/man'
oldincludedir='/usr/include'
pdfdir='${docdir}'
prefix='/Users/lzj/Desktop/FFmepg/freetype-iOS/lib'
program_transform_name='s,x,x,'
psdir='${docdir}'
sbindir='${exec_prefix}/sbin'
sharedstatedir='${prefix}/com'
sysconfdir='${prefix}/etc'
target_alias=''
version_info='20:0:14'
wl=''

## ----------- ##
## confdefs.h. ##
## ----------- ##

/* confdefs.h */
#define PACKAGE_NAME "FreeType"
#define PACKAGE_TARNAME "freetype"
#define PACKAGE_VERSION "2.8"
#define PACKAGE_STRING "FreeType 2.8"
#define PACKAGE_BUGREPORT "freetype@nongnu.org"
#define PACKAGE_URL ""

configure: caught signal 1
configure: exit 1
